TN:
SF:main.js
FN:49,(anonymous_0)
FN:53,(anonymous_1)
FN:59,(anonymous_2)
FN:63,(anonymous_3)
FN:68,(anonymous_4)
FN:72,(anonymous_5)
FN:80,(anonymous_6)
FN:85,(anonymous_7)
FN:90,(anonymous_8)
FN:93,(anonymous_9)
FN:101,(anonymous_10)
FN:107,(anonymous_11)
FN:112,(anonymous_12)
FN:146,(anonymous_13)
FN:154,(anonymous_14)
FN:166,(anonymous_15)
FN:188,(anonymous_16)
FN:189,(anonymous_17)
FN:204,(anonymous_18)
FN:205,(anonymous_19)
FN:211,(anonymous_20)
FN:217,(anonymous_21)
FN:223,(anonymous_22)
FN:224,(anonymous_23)
FN:227,(anonymous_24)
FN:228,(anonymous_25)
FN:231,(anonymous_26)
FN:232,(anonymous_27)
FN:241,(anonymous_28)
FN:261,(anonymous_29)
FN:271,(anonymous_30)
FN:294,(anonymous_31)
FN:297,(anonymous_32)
FN:311,(anonymous_33)
FN:313,(anonymous_34)
FN:319,(anonymous_35)
FN:336,(anonymous_36)
FN:343,(anonymous_37)
FN:352,(anonymous_38)
FN:371,(anonymous_39)
FN:372,(anonymous_40)
FN:372,(anonymous_41)
FN:374,(anonymous_42)
FN:374,(anonymous_43)
FN:415,(anonymous_44)
FN:421,(anonymous_45)
FN:428,(anonymous_46)
FN:436,(anonymous_47)
FN:437,(anonymous_48)
FN:455,(anonymous_49)
FN:460,(anonymous_50)
FN:464,(anonymous_51)
FN:469,(anonymous_52)
FN:473,(anonymous_53)
FN:494,(anonymous_54)
FN:499,(anonymous_55)
FN:504,(anonymous_56)
FN:509,(anonymous_57)
FN:519,(anonymous_58)
FN:523,(anonymous_59)
FN:532,(anonymous_60)
FNF:61
FNH:44
FNDA:4,(anonymous_0)
FNDA:15,(anonymous_1)
FNDA:5,(anonymous_2)
FNDA:3,(anonymous_3)
FNDA:1,(anonymous_4)
FNDA:1,(anonymous_5)
FNDA:1,(anonymous_6)
FNDA:7,(anonymous_7)
FNDA:0,(anonymous_8)
FNDA:13,(anonymous_9)
FNDA:52,(anonymous_10)
FNDA:7,(anonymous_11)
FNDA:11,(anonymous_12)
FNDA:2,(anonymous_13)
FNDA:3,(anonymous_14)
FNDA:1,(anonymous_15)
FNDA:0,(anonymous_16)
FNDA:0,(anonymous_17)
FNDA:2,(anonymous_18)
FNDA:4,(anonymous_19)
FNDA:0,(anonymous_20)
FNDA:0,(anonymous_21)
FNDA:5,(anonymous_22)
FNDA:5,(anonymous_23)
FNDA:5,(anonymous_24)
FNDA:4,(anonymous_25)
FNDA:5,(anonymous_26)
FNDA:1,(anonymous_27)
FNDA:5,(anonymous_28)
FNDA:0,(anonymous_29)
FNDA:5,(anonymous_30)
FNDA:13,(anonymous_31)
FNDA:37,(anonymous_32)
FNDA:4,(anonymous_33)
FNDA:4,(anonymous_34)
FNDA:6,(anonymous_35)
FNDA:35,(anonymous_36)
FNDA:7,(anonymous_37)
FNDA:5,(anonymous_38)
FNDA:5,(anonymous_39)
FNDA:5,(anonymous_40)
FNDA:4,(anonymous_41)
FNDA:5,(anonymous_42)
FNDA:1,(anonymous_43)
FNDA:5,(anonymous_44)
FNDA:2,(anonymous_45)
FNDA:1,(anonymous_46)
FNDA:2,(anonymous_47)
FNDA:8,(anonymous_48)
FNDA:1,(anonymous_49)
FNDA:0,(anonymous_50)
FNDA:0,(anonymous_51)
FNDA:0,(anonymous_52)
FNDA:0,(anonymous_53)
FNDA:0,(anonymous_54)
FNDA:0,(anonymous_55)
FNDA:0,(anonymous_56)
FNDA:0,(anonymous_57)
FNDA:0,(anonymous_58)
FNDA:0,(anonymous_59)
FNDA:0,(anonymous_60)
DA:3,1
DA:4,1
DA:6,1
DA:18,1
DA:49,1
DA:50,4
DA:53,1
DA:54,15
DA:55,15
DA:56,15
DA:59,1
DA:60,5
DA:63,1
DA:64,3
DA:65,3
DA:68,1
DA:69,1
DA:72,1
DA:73,1
DA:74,1
DA:75,1
DA:77,1
DA:80,1
DA:81,1
DA:82,1
DA:85,1
DA:86,7
DA:87,7
DA:88,7
DA:89,7
DA:90,7
DA:93,1
DA:94,13
DA:101,13
DA:102,52
DA:103,52
DA:107,1
DA:108,7
DA:109,7
DA:112,1
DA:113,11
DA:115,11
DA:116,11
DA:117,11
DA:118,11
DA:119,11
DA:121,11
DA:123,11
DA:124,2
DA:125,2
DA:128,11
DA:129,3
DA:130,3
DA:133,11
DA:134,1
DA:135,1
DA:138,11
DA:139,1
DA:140,1
DA:143,11
DA:146,1
DA:147,2
DA:148,2
DA:149,2
DA:150,2
DA:151,2
DA:154,1
DA:155,3
DA:156,1
DA:157,1
DA:160,2
DA:161,2
DA:162,2
DA:163,2
DA:165,2
DA:166,1
DA:167,1
DA:169,1
DA:171,1
DA:179,1
DA:180,1
DA:183,2
DA:184,2
DA:185,2
DA:188,1
DA:189,0
DA:190,0
DA:192,0
DA:193,0
DA:194,0
DA:195,0
DA:197,0
DA:198,0
DA:199,0
DA:200,0
DA:201,0
DA:204,1
DA:205,4
DA:206,2
DA:207,2
DA:208,2
DA:211,1
DA:212,0
DA:213,0
DA:214,0
DA:217,1
DA:218,0
DA:219,0
DA:220,0
DA:223,1
DA:224,5
DA:226,5
DA:227,5
DA:228,4
DA:230,5
DA:231,5
DA:232,1
DA:234,5
DA:236,5
DA:237,5
DA:238,5
DA:241,1
DA:242,5
DA:244,5
DA:246,5
DA:247,5
DA:254,5
DA:257,0
DA:259,0
DA:261,0
DA:271,1
DA:272,5
DA:273,5
DA:274,5
DA:276,5
DA:294,1
DA:295,13
DA:297,13
DA:298,37
DA:301,37
DA:305,37
DA:307,37
DA:311,1
DA:312,4
DA:313,4
DA:316,4
DA:317,4
DA:319,4
DA:320,6
DA:325,6
DA:326,5
DA:327,5
DA:330,6
DA:333,4
DA:336,1
DA:337,35
DA:343,1
DA:344,7
DA:345,7
DA:352,1
DA:353,5
DA:354,5
DA:356,5
DA:357,5
DA:359,5
DA:360,5
DA:362,5
DA:363,5
DA:364,5
DA:366,5
DA:367,5
DA:369,5
DA:371,5
DA:372,5
DA:373,5
DA:374,5
DA:377,5
DA:378,5
DA:379,5
DA:380,5
DA:382,5
DA:383,5
DA:385,5
DA:386,5
DA:387,5
DA:388,5
DA:389,5
DA:391,5
DA:392,5
DA:394,5
DA:395,5
DA:402,5
DA:403,5
DA:404,5
DA:405,5
DA:407,5
DA:408,5
DA:415,1
DA:416,5
DA:417,5
DA:418,5
DA:421,1
DA:422,2
DA:423,1
DA:424,1
DA:427,1
DA:428,1
DA:435,1
DA:437,8
DA:441,1
DA:442,1
DA:443,1
DA:445,1
DA:446,1
DA:447,1
DA:448,1
DA:449,1
DA:450,1
DA:452,1
DA:455,1
DA:456,1
DA:457,1
DA:458,1
DA:460,1
DA:461,0
DA:464,1
DA:465,0
DA:466,0
DA:469,1
DA:470,0
DA:473,1
DA:474,0
DA:475,0
DA:476,0
DA:478,0
DA:479,0
DA:481,0
DA:482,0
DA:485,0
DA:486,0
DA:489,0
DA:490,0
DA:494,1
DA:495,0
DA:496,0
DA:499,1
DA:500,0
DA:501,0
DA:504,1
DA:505,0
DA:506,0
DA:509,1
DA:510,0
DA:511,0
DA:512,0
DA:513,0
DA:514,0
DA:517,1
DA:519,1
DA:520,0
DA:523,1
DA:524,0
DA:525,0
DA:527,0
DA:530,1
DA:532,1
DA:533,0
DA:534,0
DA:539,1
DA:540,1
DA:543,1
DA:544,1
LF:272
LH:220
BRDA:65,0,0,1
BRDA:65,0,1,2
BRDA:76,1,0,0
BRDA:76,1,1,1
BRDA:82,2,0,1
BRDA:82,2,1,1
BRDA:85,3,0,5
BRDA:87,4,0,2
BRDA:87,4,1,5
BRDA:123,5,0,2
BRDA:123,5,1,9
BRDA:128,6,0,3
BRDA:128,6,1,8
BRDA:128,7,0,11
BRDA:128,7,1,9
BRDA:128,7,2,9
BRDA:133,8,0,1
BRDA:133,8,1,10
BRDA:138,9,0,1
BRDA:138,9,1,10
BRDA:155,10,0,1
BRDA:155,10,1,2
BRDA:165,11,0,1
BRDA:165,11,1,1
BRDA:167,12,0,1
BRDA:167,12,1,0
BRDA:190,13,0,0
BRDA:190,13,1,0
BRDA:246,14,0,5
BRDA:246,14,1,0
BRDA:272,15,0,4
BRDA:272,15,1,1
BRDA:298,16,0,37
BRDA:298,16,1,8
BRDA:301,17,0,37
BRDA:301,17,1,12
BRDA:301,17,2,8
BRDA:301,17,3,8
BRDA:301,17,4,4
BRDA:307,18,0,37
BRDA:307,18,1,31
BRDA:307,18,2,27
BRDA:325,19,0,5
BRDA:325,19,1,1
BRDA:354,20,0,0
BRDA:354,20,1,5
BRDA:357,21,0,5
BRDA:357,21,1,0
BRDA:422,22,0,1
BRDA:422,22,1,1
BRDA:481,23,0,0
BRDA:481,23,1,0
BRDA:485,24,0,0
BRDA:485,24,1,0
BRDA:489,25,0,0
BRDA:489,25,1,0
BRDA:520,26,0,0
BRDA:520,26,1,0
BRDA:524,27,0,0
BRDA:524,27,1,0
BRDA:533,28,0,0
BRDA:533,28,1,0
BRDA:539,29,0,1
BRDA:539,29,1,0
BRDA:539,30,0,1
BRDA:539,30,1,1
BRDA:543,31,0,1
BRDA:543,31,1,0
BRDA:543,32,0,1
BRDA:543,32,1,1
BRF:70
BRH:49
end_of_record
